------------------------------------------------------------------------------------------------------------------------

[2020-07-19 14:40:25 #1 store] 
Database 'C:\Users\Cristian\Documents\NetBeansProjects\EcommerceAssigment\src\ecommerce.odb' is opened by 9556@LAPTOP-Q2NAPBIR

[2020-07-19 14:40:25 #2 store] 
Configuration path: ?

[2020-07-19 14:40:25 #3 type] 
Type Model.Product.Product is not enhanced.

[2020-07-19 14:40:25 #4 type] 
Type Model.User.User is not enhanced.

[2020-07-19 14:40:49 #5 type.registry] 
New type java.util.ArrayList<java.lang.Object>

[2020-07-19 14:40:49 #6 type.registry] 
New type java.util.ArrayList<Model.Product.Product>

[2020-07-19 14:42:18 #7 type.registry] 
New type Model.Bill.Bill

[2020-07-19 14:42:18 #8 type] 
Type Model.Bill.Bill is not enhanced.

[2020-07-19 14:42:18 #9 type.registry] 
New type java.util.ArrayList<java.lang.String>

------------------------------------------------------------------------------------------------------------------------

[2020-07-19 15:07:39 #1 store] 
Database 'C:\Users\Cristian\Documents\NetBeansProjects\EcommerceAssigment\src\ecommerce.odb' has been recovered (tr. 29-38)

[2020-07-19 15:07:39 #2 store] 
Database 'C:\Users\Cristian\Documents\NetBeansProjects\EcommerceAssigment\src\ecommerce.odb' is opened by 10948@LAPTOP-Q2NAPBIR

[2020-07-19 15:07:39 #3 store] 
Configuration path: ?

[2020-07-19 15:07:40 #4 type] 
Type Model.Product.Product is not enhanced.

[2020-07-19 15:07:40 #5 type] 
Type Model.User.User is not enhanced.

[2020-07-19 15:07:40 #6 type] 
Type Model.Bill.Bill is not enhanced.

------------------------------------------------------------------------------------------------------------------------

[2020-07-19 15:32:49 #1 store] 
Database 'C:\Users\Cristian\Documents\NetBeansProjects\EcommerceAssigment\src\ecommerce.odb' has been recovered (tr. 39-45)

[2020-07-19 15:32:50 #2 store] 
Database 'C:\Users\Cristian\Documents\NetBeansProjects\EcommerceAssigment\src\ecommerce.odb' is opened by 7732@LAPTOP-Q2NAPBIR

[2020-07-19 15:32:50 #3 store] 
Configuration path: ?

[2020-07-19 15:32:51 #4 type] 
Type Model.Product.Product is not enhanced.

[2020-07-19 15:32:51 #5 type] 
Type Model.User.User is not enhanced.

[2020-07-19 15:32:51 #6 type] 
Type Model.Bill.Bill is not enhanced.

------------------------------------------------------------------------------------------------------------------------

[2020-07-19 15:44:01 #1 store] 
Database 'C:\Users\Cristian\Documents\NetBeansProjects\EcommerceAssigment\src\ecommerce.odb' has been recovered (tr. 46-50)

[2020-07-19 15:44:02 #2 store] 
Database 'C:\Users\Cristian\Documents\NetBeansProjects\EcommerceAssigment\src\ecommerce.odb' is opened by 9932@LAPTOP-Q2NAPBIR

[2020-07-19 15:44:02 #3 store] 
Configuration path: ?

[2020-07-19 15:44:03 #4 type] 
Type Model.Product.Product is not enhanced.

[2020-07-19 15:44:03 #5 type] 
Type Model.User.User is not enhanced.

[2020-07-19 15:44:03 #6 type] 
Type Model.Bill.Bill is not enhanced.

------------------------------------------------------------------------------------------------------------------------

[2020-07-19 20:39:50 #1 store] 
Database 'C:\Users\Cristian\Documents\NetBeansProjects\EcommerceAssigment\src\ecommerce.odb' has been recovered (tr. 51-54)

[2020-07-19 20:39:51 #2 store] 
Database 'C:\Users\Cristian\Documents\NetBeansProjects\EcommerceAssigment\src\ecommerce.odb' is opened by 5484@LAPTOP-Q2NAPBIR

[2020-07-19 20:39:51 #3 store] 
Configuration path: ?

[2020-07-19 20:39:51 #4 type] 
Type Model.Product.Product is not enhanced.

[2020-07-19 20:39:51 #5 type] 
Type Model.User.User is not enhanced.

[2020-07-19 20:39:51 #6 type] 
Type Model.Bill.Bill is not enhanced.

------------------------------------------------------------------------------------------------------------------------

[2020-07-19 20:41:59 #1 store] 
Database 'C:\Users\Cristian\Documents\NetBeansProjects\EcommerceAssigment\src\ecommerce.odb' is opened by 8344@LAPTOP-Q2NAPBIR

[2020-07-19 20:41:59 #2 store] 
Configuration path: ?

[2020-07-19 20:41:59 #3 type] 
Type Model.Product.Product is not enhanced.

[2020-07-19 20:41:59 #4 type] 
Type Model.User.User is not enhanced.

[2020-07-19 20:41:59 #5 type] 
Type Model.Bill.Bill is not enhanced.

------------------------------------------------------------------------------------------------------------------------

[2020-07-19 20:43:16 #1 store] 
Database 'C:\Users\Cristian\Documents\NetBeansProjects\EcommerceAssigment\src\ecommerce.odb' is opened by 3732@LAPTOP-Q2NAPBIR

[2020-07-19 20:43:16 #2 store] 
Configuration path: ?

[2020-07-19 20:43:16 #3 type] 
Type Model.Product.Product is not enhanced.

[2020-07-19 20:43:16 #4 type] 
Type Model.User.User is not enhanced.

[2020-07-19 20:43:16 #5 type] 
Type Model.Bill.Bill is not enhanced.

------------------------------------------------------------------------------------------------------------------------

[2020-07-19 20:46:01 #1 store] 
Database 'C:\Users\Cristian\Documents\NetBeansProjects\EcommerceAssigment\src\ecommerce.odb' is opened by 12216@LAPTOP-Q2NAPBIR

[2020-07-19 20:46:01 #2 store] 
Configuration path: ?

[2020-07-19 20:46:02 #3 type] 
Type Model.Product.Product is not enhanced.

[2020-07-19 20:46:02 #4 type] 
Type Model.User.User is not enhanced.

[2020-07-19 20:46:02 #5 type] 
Type Model.Bill.Bill is not enhanced.

------------------------------------------------------------------------------------------------------------------------

[2020-07-19 20:46:30 #1 store] 
Database 'C:\Users\Cristian\Documents\NetBeansProjects\EcommerceAssigment\src\ecommerce.odb' is opened by 8296@LAPTOP-Q2NAPBIR

[2020-07-19 20:46:30 #2 store] 
Configuration path: ?

[2020-07-19 20:46:30 #3 type] 
Type Model.Product.Product is not enhanced.

[2020-07-19 20:46:31 #4 type] 
Type Model.User.User is not enhanced.

[2020-07-19 20:46:31 #5 type] 
Type Model.Bill.Bill is not enhanced.

------------------------------------------------------------------------------------------------------------------------

[2020-07-19 20:47:02 #1 store] 
Database 'C:\Users\Cristian\Documents\NetBeansProjects\EcommerceAssigment\src\ecommerce.odb' is opened by 9044@LAPTOP-Q2NAPBIR

[2020-07-19 20:47:02 #2 store] 
Configuration path: ?

[2020-07-19 20:47:02 #3 type] 
Type Model.Product.Product is not enhanced.

[2020-07-19 20:47:02 #4 type] 
Type Model.User.User is not enhanced.

[2020-07-19 20:47:02 #5 type] 
Type Model.Bill.Bill is not enhanced.

------------------------------------------------------------------------------------------------------------------------

[2020-07-19 20:47:27 #1 store] 
Database 'C:\Users\Cristian\Documents\NetBeansProjects\EcommerceAssigment\src\ecommerce.odb' is opened by 8876@LAPTOP-Q2NAPBIR

[2020-07-19 20:47:27 #2 store] 
Configuration path: ?

[2020-07-19 20:47:27 #3 type] 
Type Model.Product.Product is not enhanced.

[2020-07-19 20:47:27 #4 type] 
Type Model.User.User is not enhanced.

[2020-07-19 20:47:27 #5 type] 
Type Model.Bill.Bill is not enhanced.

------------------------------------------------------------------------------------------------------------------------

[2020-07-19 20:47:49 #1 store] 
Database 'C:\Users\Cristian\Documents\NetBeansProjects\EcommerceAssigment\src\ecommerce.odb' is opened by 10076@LAPTOP-Q2NAPBIR

[2020-07-19 20:47:49 #2 store] 
Configuration path: ?

[2020-07-19 20:47:49 #3 type] 
Type Model.Product.Product is not enhanced.

[2020-07-19 20:47:49 #4 type] 
Type Model.User.User is not enhanced.

[2020-07-19 20:47:49 #5 type] 
Type Model.Bill.Bill is not enhanced.

------------------------------------------------------------------------------------------------------------------------

[2020-07-19 20:49:40 #1 store] 
Database 'C:\Users\Cristian\Documents\NetBeansProjects\EcommerceAssigment\src\ecommerce.odb' is opened by 4540@LAPTOP-Q2NAPBIR

[2020-07-19 20:49:40 #2 store] 
Configuration path: ?

[2020-07-19 20:49:40 #3 type] 
Type Model.Product.Product is not enhanced.

[2020-07-19 20:49:40 #4 type] 
Type Model.User.User is not enhanced.

[2020-07-19 20:49:40 #5 type] 
Type Model.Bill.Bill is not enhanced.

------------------------------------------------------------------------------------------------------------------------

[2020-07-19 20:56:07 #1 store] 
Database 'C:\Users\Cristian\Documents\NetBeansProjects\EcommerceAssigment\src\ecommerce.odb' is opened by 1476@LAPTOP-Q2NAPBIR

[2020-07-19 20:56:07 #2 store] 
Configuration path: ?

[2020-07-19 20:56:07 #3 type] 
Type Model.Product.Product is not enhanced.

[2020-07-19 20:56:07 #4 type] 
Type Model.User.User is not enhanced.

[2020-07-19 20:56:07 #5 type] 
Type Model.Bill.Bill is not enhanced.

------------------------------------------------------------------------------------------------------------------------

[2020-07-19 20:58:41 #1 store] 
Database 'C:\Users\Cristian\Documents\NetBeansProjects\EcommerceAssigment\src\ecommerce.odb' has been recovered (tr. 55-60)

[2020-07-19 20:58:41 #2 store] 
Database 'C:\Users\Cristian\Documents\NetBeansProjects\EcommerceAssigment\src\ecommerce.odb' is opened by 11908@LAPTOP-Q2NAPBIR

[2020-07-19 20:58:41 #3 store] 
Configuration path: ?

[2020-07-19 20:58:41 #4 type] 
Type Model.Product.Product is not enhanced.

[2020-07-19 20:58:41 #5 type] 
Type Model.User.User is not enhanced.

[2020-07-19 20:58:41 #6 type] 
Type Model.Bill.Bill is not enhanced.

------------------------------------------------------------------------------------------------------------------------

[2020-07-19 21:03:58 #1 store] 
Database 'C:\Users\Cristian\Documents\NetBeansProjects\EcommerceAssigment\src\ecommerce.odb' has been recovered (tr. 61-61)

[2020-07-19 21:03:58 #2 store] 
Database 'C:\Users\Cristian\Documents\NetBeansProjects\EcommerceAssigment\src\ecommerce.odb' is opened by 10572@LAPTOP-Q2NAPBIR

[2020-07-19 21:03:58 #3 store] 
Configuration path: ?

[2020-07-19 21:03:59 #4 type] 
Type Model.Product.Product is not enhanced.

[2020-07-19 21:03:59 #5 type] 
Type Model.User.User is not enhanced.

[2020-07-19 21:03:59 #6 type] 
Type Model.Bill.Bill is not enhanced.

------------------------------------------------------------------------------------------------------------------------

[2020-07-19 21:07:38 #1 store] 
Database 'C:\Users\Cristian\Documents\NetBeansProjects\EcommerceAssigment\src\ecommerce.odb' is opened by 9924@LAPTOP-Q2NAPBIR

[2020-07-19 21:07:38 #2 store] 
Configuration path: ?

[2020-07-19 21:07:38 #3 type] 
Type Model.Product.Product is not enhanced.

[2020-07-19 21:07:38 #4 type] 
Type Model.User.User is not enhanced.

[2020-07-19 21:07:38 #5 type] 
Type Model.Bill.Bill is not enhanced.

